2023-05-11 16:15:25,197:INFO:98101075
2023-05-11 16:15:25,197:INFO:k
2023-05-11 16:23:12,336:INFO:93307779
2023-05-11 16:23:12,336:INFO:97181063 5000
2023-05-11 16:23:50,202:INFO:93307779
2023-05-11 16:23:50,202:INFO:97181063 5000
2023-05-11 16:24:03,345:INFO:97162962
2023-05-11 16:24:03,345:INFO:97181063 5000
2023-05-11 16:25:47,007:INFO:97162962
2023-05-11 16:25:47,007:INFO:97182761 5000
2023-05-11 16:29:42,575:INFO:D:\Projects\enjoy_kids\controller\views.py changed, reloading.
2023-05-11 16:29:51,922:INFO:97162962
2023-05-11 16:29:51,923:INFO:97182761 5000
2023-05-11 16:31:40,513:INFO:D:\Projects\enjoy_kids\controller\views.py changed, reloading.
2023-05-11 16:31:56,934:INFO:97162962
2023-05-11 16:31:56,936:INFO:97182761 5000
2023-05-11 16:32:19,921:INFO:97162962
2023-05-11 16:32:19,922:INFO:A b
2023-05-11 16:34:11,252:INFO:D:\Projects\enjoy_kids\controller\views.py changed, reloading.
2023-05-11 16:34:35,963:INFO:D:\Projects\enjoy_kids\controller\views.py changed, reloading.
2023-05-11 16:34:42,004:INFO:97162962
2023-05-11 16:34:42,004:INFO:97182761 5000
2023-05-11 16:35:18,231:INFO:D:\Projects\enjoy_kids\controller\views.py changed, reloading.
2023-05-11 16:35:22,092:INFO:97162962
2023-05-11 16:35:22,092:INFO:97182761 5000
2023-05-11 16:36:01,701:INFO:D:\Projects\enjoy_kids\controller\views.py changed, reloading.
2023-05-11 16:36:05,343:INFO:97162962
2023-05-11 16:36:05,343:INFO:97182761 5000
2023-05-11 16:36:05,358:DEBUG:Starting new HTTPS connection (1): charge.gmobile.mn:443
2023-05-11 16:36:06,260:DEBUG:https://charge.gmobile.mn:443 "POST /api/login_check HTTP/1.1" 200 859
2023-05-11 16:36:06,267:DEBUG:Starting new HTTPS connection (1): charge.gmobile.mn:443
2023-05-11 16:36:06,464:DEBUG:https://charge.gmobile.mn:443 "POST /api/number/check HTTP/1.1" 200 172
2023-05-11 16:36:06,534:ERROR:Internal Server Error: /api/receive_sms555
Traceback (most recent call last):
  File "D:\Projects\enjoy_kids\venvNew\lib\site-packages\django\core\handlers\exception.py", line 55, in inner
    response = get_response(request)
  File "D:\Projects\enjoy_kids\venvNew\lib\site-packages\django\core\handlers\base.py", line 197, in _get_response
    response = wrapped_callback(request, *callback_args, **callback_kwargs)
  File "D:\Projects\enjoy_kids\venvNew\lib\site-packages\django\views\decorators\csrf.py", line 54, in wrapped_view
    return view_func(*args, **kwargs)
  File "D:\Projects\enjoy_kids\venvNew\lib\site-packages\django\views\generic\base.py", line 103, in view
    return self.dispatch(request, *args, **kwargs)
  File "D:\Projects\enjoy_kids\venvNew\lib\site-packages\rest_framework\views.py", line 509, in dispatch
    response = self.handle_exception(exc)
  File "D:\Projects\enjoy_kids\venvNew\lib\site-packages\rest_framework\views.py", line 469, in handle_exception
    self.raise_uncaught_exception(exc)
  File "D:\Projects\enjoy_kids\venvNew\lib\site-packages\rest_framework\views.py", line 480, in raise_uncaught_exception
    raise exc
  File "D:\Projects\enjoy_kids\venvNew\lib\site-packages\rest_framework\views.py", line 506, in dispatch
    response = handler(request, *args, **kwargs)
  File "D:\Projects\enjoy_kids\venvNew\lib\site-packages\rest_framework\decorators.py", line 50, in handler
    return func(*args, **kwargs)
  File "D:\Projects\enjoy_kids\controller\views.py", line 50, in receive_sms555
    if res_head_number.status_code == 200:
AttributeError: 'dict' object has no attribute 'status_code'
2023-05-11 16:38:02,935:INFO:D:\Projects\enjoy_kids\controller\views.py changed, reloading.
2023-05-11 16:38:56,683:INFO:97162962
2023-05-11 16:38:56,683:INFO:97182761 5000
2023-05-11 16:38:56,691:DEBUG:Starting new HTTPS connection (1): charge.gmobile.mn:443
2023-05-11 16:38:57,590:DEBUG:https://charge.gmobile.mn:443 "POST /api/login_check HTTP/1.1" 200 859
2023-05-11 16:38:57,594:DEBUG:Starting new HTTPS connection (1): charge.gmobile.mn:443
2023-05-11 16:38:57,784:DEBUG:https://charge.gmobile.mn:443 "POST /api/number/check HTTP/1.1" 200 172
2023-05-11 16:38:57,786:INFO:res_head_number
2023-05-11 16:38:57,786:INFO:{'state': 'Successful', 'number': '97162962', 'type': 'WCDMA', 'plan': 'A', 'balance': 21195.88, 'postpaid': 'N', 'default_price_plan': '70/70', 'default_basic_pp': 'D70', 'unlimited': ''}
2023-05-11 16:38:57,791:DEBUG:Starting new HTTPS connection (1): charge.gmobile.mn:443
2023-05-11 16:38:58,685:DEBUG:https://charge.gmobile.mn:443 "POST /api/login_check HTTP/1.1" 200 859
2023-05-11 16:38:58,690:DEBUG:Starting new HTTPS connection (1): charge.gmobile.mn:443
2023-05-11 16:38:58,883:DEBUG:https://charge.gmobile.mn:443 "POST /api/number/check HTTP/1.1" 200 165
2023-05-11 16:38:58,888:INFO:res_member_number
2023-05-11 16:38:58,888:INFO:{'state': 'Successful', 'number': '97182761', 'type': 'WCDMA', 'plan': 'A', 'balance': 0, 'postpaid': 'N', 'default_price_plan': '70/70', 'default_basic_pp': 'D70', 'unlimited': ''}
2023-05-11 16:38:58,897:DEBUG:Starting new HTTPS connection (1): charge.gmobile.mn:443
2023-05-11 16:38:59,817:DEBUG:https://charge.gmobile.mn:443 "POST /api/login_check HTTP/1.1" 200 859
2023-05-11 16:38:59,822:DEBUG:Starting new HTTPS connection (1): charge.gmobile.mn:443
2023-05-11 16:39:00,640:DEBUG:https://charge.gmobile.mn:443 "POST /api/memberNumber/check HTTP/1.1" 200 92
2023-05-11 16:39:00,643:DEBUG:Starting new HTTPS connection (1): charge.gmobile.mn:443
2023-05-11 16:39:01,538:DEBUG:https://charge.gmobile.mn:443 "POST /api/login_check HTTP/1.1" 200 859
2023-05-11 16:39:01,543:DEBUG:Starting new HTTPS connection (1): charge.gmobile.mn:443
2023-05-11 16:39:01,668:DEBUG:https://charge.gmobile.mn:443 "POST /api/memberNumber/check HTTP/1.1" 200 137
2023-05-11 16:39:01,703:ERROR:Internal Server Error: /api/receive_sms555
Traceback (most recent call last):
  File "D:\Projects\enjoy_kids\venvNew\lib\site-packages\django\core\handlers\exception.py", line 55, in inner
    response = get_response(request)
  File "D:\Projects\enjoy_kids\venvNew\lib\site-packages\django\core\handlers\base.py", line 197, in _get_response
    response = wrapped_callback(request, *callback_args, **callback_kwargs)
  File "D:\Projects\enjoy_kids\venvNew\lib\site-packages\django\views\decorators\csrf.py", line 54, in wrapped_view
    return view_func(*args, **kwargs)
  File "D:\Projects\enjoy_kids\venvNew\lib\site-packages\django\views\generic\base.py", line 103, in view
    return self.dispatch(request, *args, **kwargs)
  File "D:\Projects\enjoy_kids\venvNew\lib\site-packages\rest_framework\views.py", line 509, in dispatch
    response = self.handle_exception(exc)
  File "D:\Projects\enjoy_kids\venvNew\lib\site-packages\rest_framework\views.py", line 469, in handle_exception
    self.raise_uncaught_exception(exc)
  File "D:\Projects\enjoy_kids\venvNew\lib\site-packages\rest_framework\views.py", line 480, in raise_uncaught_exception
    raise exc
  File "D:\Projects\enjoy_kids\venvNew\lib\site-packages\rest_framework\views.py", line 506, in dispatch
    response = handler(request, *args, **kwargs)
  File "D:\Projects\enjoy_kids\venvNew\lib\site-packages\rest_framework\decorators.py", line 50, in handler
    return func(*args, **kwargs)
  File "D:\Projects\enjoy_kids\controller\views.py", line 87, in receive_sms555
    if parent_info["eff_date"] > datetime.now().astimezone():
TypeError: '>' not supported between instances of 'str' and 'datetime.datetime'
2023-05-11 16:40:44,788:INFO:D:\Projects\enjoy_kids\controller\views.py changed, reloading.
2023-05-11 16:40:50,673:INFO:97162962
2023-05-11 16:40:50,674:INFO:97182761 5000
2023-05-11 16:40:50,684:DEBUG:Starting new HTTPS connection (1): charge.gmobile.mn:443
2023-05-11 16:40:51,580:DEBUG:https://charge.gmobile.mn:443 "POST /api/login_check HTTP/1.1" 200 859
2023-05-11 16:40:51,587:DEBUG:Starting new HTTPS connection (1): charge.gmobile.mn:443
2023-05-11 16:40:51,765:DEBUG:https://charge.gmobile.mn:443 "POST /api/number/check HTTP/1.1" 200 172
2023-05-11 16:40:51,770:INFO:res_head_number
2023-05-11 16:40:51,770:INFO:{'state': 'Successful', 'number': '97162962', 'type': 'WCDMA', 'plan': 'A', 'balance': 21195.88, 'postpaid': 'N', 'default_price_plan': '70/70', 'default_basic_pp': 'D70', 'unlimited': ''}
2023-05-11 16:40:51,779:DEBUG:Starting new HTTPS connection (1): charge.gmobile.mn:443
2023-05-11 16:40:52,685:DEBUG:https://charge.gmobile.mn:443 "POST /api/login_check HTTP/1.1" 200 859
2023-05-11 16:40:52,695:DEBUG:Starting new HTTPS connection (1): charge.gmobile.mn:443
2023-05-11 16:40:52,883:DEBUG:https://charge.gmobile.mn:443 "POST /api/number/check HTTP/1.1" 200 165
2023-05-11 16:40:52,886:INFO:res_member_number
2023-05-11 16:40:52,886:INFO:{'state': 'Successful', 'number': '97182761', 'type': 'WCDMA', 'plan': 'A', 'balance': 0, 'postpaid': 'N', 'default_price_plan': '70/70', 'default_basic_pp': 'D70', 'unlimited': ''}
2023-05-11 16:40:52,889:DEBUG:Starting new HTTPS connection (1): charge.gmobile.mn:443
2023-05-11 16:40:53,778:DEBUG:https://charge.gmobile.mn:443 "POST /api/login_check HTTP/1.1" 200 859
2023-05-11 16:40:53,784:DEBUG:Starting new HTTPS connection (1): charge.gmobile.mn:443
2023-05-11 16:40:54,606:DEBUG:https://charge.gmobile.mn:443 "POST /api/memberNumber/check HTTP/1.1" 200 92
2023-05-11 16:40:54,614:DEBUG:Starting new HTTPS connection (1): charge.gmobile.mn:443
2023-05-11 16:40:55,518:DEBUG:https://charge.gmobile.mn:443 "POST /api/login_check HTTP/1.1" 200 859
2023-05-11 16:40:55,524:DEBUG:Starting new HTTPS connection (1): charge.gmobile.mn:443
2023-05-11 16:40:55,632:DEBUG:https://charge.gmobile.mn:443 "POST /api/memberNumber/check HTTP/1.1" 200 137
2023-05-11 16:40:55,677:ERROR:Internal Server Error: /api/receive_sms555
Traceback (most recent call last):
  File "D:\Projects\enjoy_kids\venvNew\lib\site-packages\django\core\handlers\exception.py", line 55, in inner
    response = get_response(request)
  File "D:\Projects\enjoy_kids\venvNew\lib\site-packages\django\core\handlers\base.py", line 197, in _get_response
    response = wrapped_callback(request, *callback_args, **callback_kwargs)
  File "D:\Projects\enjoy_kids\venvNew\lib\site-packages\django\views\decorators\csrf.py", line 54, in wrapped_view
    return view_func(*args, **kwargs)
  File "D:\Projects\enjoy_kids\venvNew\lib\site-packages\django\views\generic\base.py", line 103, in view
    return self.dispatch(request, *args, **kwargs)
  File "D:\Projects\enjoy_kids\venvNew\lib\site-packages\rest_framework\views.py", line 509, in dispatch
    response = self.handle_exception(exc)
  File "D:\Projects\enjoy_kids\venvNew\lib\site-packages\rest_framework\views.py", line 469, in handle_exception
    self.raise_uncaught_exception(exc)
  File "D:\Projects\enjoy_kids\venvNew\lib\site-packages\rest_framework\views.py", line 480, in raise_uncaught_exception
    raise exc
  File "D:\Projects\enjoy_kids\venvNew\lib\site-packages\rest_framework\views.py", line 506, in dispatch
    response = handler(request, *args, **kwargs)
  File "D:\Projects\enjoy_kids\venvNew\lib\site-packages\rest_framework\decorators.py", line 50, in handler
    return func(*args, **kwargs)
  File "D:\Projects\enjoy_kids\controller\views.py", line 93, in receive_sms555
    if parent_info["eff_date"] > datetime.now().astimezone():
TypeError: '>' not supported between instances of 'str' and 'datetime.datetime'
2023-05-11 16:44:57,076:INFO:D:\Projects\enjoy_kids\controller\views.py changed, reloading.
2023-05-11 16:45:19,748:INFO:D:\Projects\enjoy_kids\controller\views.py changed, reloading.
2023-05-11 16:45:26,109:INFO:97162962
2023-05-11 16:45:26,109:INFO:97182761 5000
2023-05-11 16:45:26,121:DEBUG:Starting new HTTPS connection (1): charge.gmobile.mn:443
2023-05-11 16:45:27,021:DEBUG:https://charge.gmobile.mn:443 "POST /api/login_check HTTP/1.1" 200 859
2023-05-11 16:45:27,026:DEBUG:Starting new HTTPS connection (1): charge.gmobile.mn:443
2023-05-11 16:45:27,210:DEBUG:https://charge.gmobile.mn:443 "POST /api/number/check HTTP/1.1" 200 172
2023-05-11 16:45:27,215:INFO:res_head_number
2023-05-11 16:45:27,215:INFO:{'state': 'Successful', 'number': '97162962', 'type': 'WCDMA', 'plan': 'A', 'balance': 21195.88, 'postpaid': 'N', 'default_price_plan': '70/70', 'default_basic_pp': 'D70', 'unlimited': ''}
2023-05-11 16:45:27,224:DEBUG:Starting new HTTPS connection (1): charge.gmobile.mn:443
2023-05-11 16:45:28,153:DEBUG:https://charge.gmobile.mn:443 "POST /api/login_check HTTP/1.1" 200 859
2023-05-11 16:45:28,156:DEBUG:Starting new HTTPS connection (1): charge.gmobile.mn:443
2023-05-11 16:45:28,378:DEBUG:https://charge.gmobile.mn:443 "POST /api/number/check HTTP/1.1" 200 165
2023-05-11 16:45:28,381:INFO:res_member_number
2023-05-11 16:45:28,381:INFO:{'state': 'Successful', 'number': '97182761', 'type': 'WCDMA', 'plan': 'A', 'balance': 0, 'postpaid': 'N', 'default_price_plan': '70/70', 'default_basic_pp': 'D70', 'unlimited': ''}
2023-05-11 16:45:28,384:DEBUG:Starting new HTTPS connection (1): charge.gmobile.mn:443
2023-05-11 16:45:29,295:DEBUG:https://charge.gmobile.mn:443 "POST /api/login_check HTTP/1.1" 200 859
2023-05-11 16:45:29,297:DEBUG:Starting new HTTPS connection (1): charge.gmobile.mn:443
2023-05-11 16:45:30,138:DEBUG:https://charge.gmobile.mn:443 "POST /api/memberNumber/check HTTP/1.1" 200 92
2023-05-11 16:45:30,142:DEBUG:Starting new HTTPS connection (1): charge.gmobile.mn:443
2023-05-11 16:45:31,055:DEBUG:https://charge.gmobile.mn:443 "POST /api/login_check HTTP/1.1" 200 859
2023-05-11 16:45:31,060:DEBUG:Starting new HTTPS connection (1): charge.gmobile.mn:443
2023-05-11 16:45:31,162:DEBUG:https://charge.gmobile.mn:443 "POST /api/memberNumber/check HTTP/1.1" 200 137
2023-05-11 16:45:31,235:ERROR:Internal Server Error: /api/receive_sms555
Traceback (most recent call last):
  File "D:\Projects\enjoy_kids\venvNew\lib\site-packages\django\core\handlers\exception.py", line 55, in inner
    response = get_response(request)
  File "D:\Projects\enjoy_kids\venvNew\lib\site-packages\django\core\handlers\base.py", line 197, in _get_response
    response = wrapped_callback(request, *callback_args, **callback_kwargs)
  File "D:\Projects\enjoy_kids\venvNew\lib\site-packages\django\views\decorators\csrf.py", line 54, in wrapped_view
    return view_func(*args, **kwargs)
  File "D:\Projects\enjoy_kids\venvNew\lib\site-packages\django\views\generic\base.py", line 103, in view
    return self.dispatch(request, *args, **kwargs)
  File "D:\Projects\enjoy_kids\venvNew\lib\site-packages\rest_framework\views.py", line 509, in dispatch
    response = self.handle_exception(exc)
  File "D:\Projects\enjoy_kids\venvNew\lib\site-packages\rest_framework\views.py", line 469, in handle_exception
    self.raise_uncaught_exception(exc)
  File "D:\Projects\enjoy_kids\venvNew\lib\site-packages\rest_framework\views.py", line 480, in raise_uncaught_exception
    raise exc
  File "D:\Projects\enjoy_kids\venvNew\lib\site-packages\rest_framework\views.py", line 506, in dispatch
    response = handler(request, *args, **kwargs)
  File "D:\Projects\enjoy_kids\venvNew\lib\site-packages\rest_framework\decorators.py", line 50, in handler
    return func(*args, **kwargs)
  File "D:\Projects\enjoy_kids\controller\views.py", line 93, in receive_sms555
    date_time_obj = datetime.strptime(parent_info["eff_date"],
  File "C:\Users\batbayar.a\AppData\Local\Programs\Python\Python38\lib\_strptime.py", line 568, in _strptime_datetime
    tt, fraction, gmtoff_fraction = _strptime(data_string, format)
  File "C:\Users\batbayar.a\AppData\Local\Programs\Python\Python38\lib\_strptime.py", line 349, in _strptime
    raise ValueError("time data %r does not match format %r" %
ValueError: time data '10-MAY-23' does not match format '%b-%d-%Y'
2023-05-11 16:46:05,655:INFO:D:\Projects\enjoy_kids\controller\views.py changed, reloading.
2023-05-11 16:46:37,465:INFO:97162962
2023-05-11 16:46:37,465:INFO:97182761 5000
2023-05-11 16:46:37,475:DEBUG:Starting new HTTPS connection (1): charge.gmobile.mn:443
2023-05-11 16:46:38,399:DEBUG:https://charge.gmobile.mn:443 "POST /api/login_check HTTP/1.1" 200 859
2023-05-11 16:46:38,406:DEBUG:Starting new HTTPS connection (1): charge.gmobile.mn:443
2023-05-11 16:46:38,587:DEBUG:https://charge.gmobile.mn:443 "POST /api/number/check HTTP/1.1" 200 172
2023-05-11 16:46:38,592:INFO:res_head_number
2023-05-11 16:46:38,593:INFO:{'state': 'Successful', 'number': '97162962', 'type': 'WCDMA', 'plan': 'A', 'balance': 21195.88, 'postpaid': 'N', 'default_price_plan': '70/70', 'default_basic_pp': 'D70', 'unlimited': ''}
2023-05-11 16:46:38,601:DEBUG:Starting new HTTPS connection (1): charge.gmobile.mn:443
2023-05-11 16:46:39,528:DEBUG:https://charge.gmobile.mn:443 "POST /api/login_check HTTP/1.1" 200 859
2023-05-11 16:46:39,539:DEBUG:Starting new HTTPS connection (1): charge.gmobile.mn:443
2023-05-11 16:46:39,750:DEBUG:https://charge.gmobile.mn:443 "POST /api/number/check HTTP/1.1" 200 165
2023-05-11 16:46:39,754:INFO:res_member_number
2023-05-11 16:46:39,754:INFO:{'state': 'Successful', 'number': '97182761', 'type': 'WCDMA', 'plan': 'A', 'balance': 0, 'postpaid': 'N', 'default_price_plan': '70/70', 'default_basic_pp': 'D70', 'unlimited': ''}
2023-05-11 16:46:39,757:DEBUG:Starting new HTTPS connection (1): charge.gmobile.mn:443
2023-05-11 16:46:40,663:DEBUG:https://charge.gmobile.mn:443 "POST /api/login_check HTTP/1.1" 200 859
2023-05-11 16:46:40,668:DEBUG:Starting new HTTPS connection (1): charge.gmobile.mn:443
2023-05-11 16:46:41,475:DEBUG:https://charge.gmobile.mn:443 "POST /api/memberNumber/check HTTP/1.1" 200 92
2023-05-11 16:46:41,482:DEBUG:Starting new HTTPS connection (1): charge.gmobile.mn:443
2023-05-11 16:46:42,378:DEBUG:https://charge.gmobile.mn:443 "POST /api/login_check HTTP/1.1" 200 859
2023-05-11 16:46:42,380:DEBUG:Starting new HTTPS connection (1): charge.gmobile.mn:443
2023-05-11 16:46:42,491:DEBUG:https://charge.gmobile.mn:443 "POST /api/memberNumber/check HTTP/1.1" 200 137
2023-05-11 16:46:42,536:ERROR:Internal Server Error: /api/receive_sms555
Traceback (most recent call last):
  File "D:\Projects\enjoy_kids\venvNew\lib\site-packages\django\core\handlers\exception.py", line 55, in inner
    response = get_response(request)
  File "D:\Projects\enjoy_kids\venvNew\lib\site-packages\django\core\handlers\base.py", line 197, in _get_response
    response = wrapped_callback(request, *callback_args, **callback_kwargs)
  File "D:\Projects\enjoy_kids\venvNew\lib\site-packages\django\views\decorators\csrf.py", line 54, in wrapped_view
    return view_func(*args, **kwargs)
  File "D:\Projects\enjoy_kids\venvNew\lib\site-packages\django\views\generic\base.py", line 103, in view
    return self.dispatch(request, *args, **kwargs)
  File "D:\Projects\enjoy_kids\venvNew\lib\site-packages\rest_framework\views.py", line 509, in dispatch
    response = self.handle_exception(exc)
  File "D:\Projects\enjoy_kids\venvNew\lib\site-packages\rest_framework\views.py", line 469, in handle_exception
    self.raise_uncaught_exception(exc)
  File "D:\Projects\enjoy_kids\venvNew\lib\site-packages\rest_framework\views.py", line 480, in raise_uncaught_exception
    raise exc
  File "D:\Projects\enjoy_kids\venvNew\lib\site-packages\rest_framework\views.py", line 506, in dispatch
    response = handler(request, *args, **kwargs)
  File "D:\Projects\enjoy_kids\venvNew\lib\site-packages\rest_framework\decorators.py", line 50, in handler
    return func(*args, **kwargs)
  File "D:\Projects\enjoy_kids\controller\views.py", line 97, in receive_sms555
    if parent_info["eff_date"] > datetime.now().astimezone():
TypeError: '>' not supported between instances of 'str' and 'datetime.datetime'
2023-05-11 16:48:52,140:INFO:D:\Projects\enjoy_kids\controller\views.py changed, reloading.
2023-05-11 16:50:05,550:INFO:97162962
2023-05-11 16:50:05,551:INFO:97182761 5000
2023-05-11 16:50:05,565:DEBUG:Starting new HTTPS connection (1): charge.gmobile.mn:443
2023-05-11 16:50:06,471:DEBUG:https://charge.gmobile.mn:443 "POST /api/login_check HTTP/1.1" 200 859
2023-05-11 16:50:06,476:DEBUG:Starting new HTTPS connection (1): charge.gmobile.mn:443
2023-05-11 16:50:06,678:DEBUG:https://charge.gmobile.mn:443 "POST /api/number/check HTTP/1.1" 200 172
2023-05-11 16:50:06,683:INFO:res_head_number
2023-05-11 16:50:06,684:INFO:{'state': 'Successful', 'number': '97162962', 'type': 'WCDMA', 'plan': 'A', 'balance': 21195.88, 'postpaid': 'N', 'default_price_plan': '70/70', 'default_basic_pp': 'D70', 'unlimited': ''}
2023-05-11 16:50:06,693:DEBUG:Starting new HTTPS connection (1): charge.gmobile.mn:443
2023-05-11 16:50:07,615:DEBUG:https://charge.gmobile.mn:443 "POST /api/login_check HTTP/1.1" 200 859
2023-05-11 16:50:07,618:DEBUG:Starting new HTTPS connection (1): charge.gmobile.mn:443
2023-05-11 16:50:07,786:DEBUG:https://charge.gmobile.mn:443 "POST /api/number/check HTTP/1.1" 200 165
2023-05-11 16:50:07,788:INFO:res_member_number
2023-05-11 16:50:07,788:INFO:{'state': 'Successful', 'number': '97182761', 'type': 'WCDMA', 'plan': 'A', 'balance': 0, 'postpaid': 'N', 'default_price_plan': '70/70', 'default_basic_pp': 'D70', 'unlimited': ''}
2023-05-11 16:50:07,792:DEBUG:Starting new HTTPS connection (1): charge.gmobile.mn:443
2023-05-11 16:50:08,704:DEBUG:https://charge.gmobile.mn:443 "POST /api/login_check HTTP/1.1" 200 859
2023-05-11 16:50:08,709:DEBUG:Starting new HTTPS connection (1): charge.gmobile.mn:443
2023-05-11 16:50:09,548:DEBUG:https://charge.gmobile.mn:443 "POST /api/memberNumber/check HTTP/1.1" 200 92
2023-05-11 16:50:09,554:DEBUG:Starting new HTTPS connection (1): charge.gmobile.mn:443
2023-05-11 16:50:10,446:DEBUG:https://charge.gmobile.mn:443 "POST /api/login_check HTTP/1.1" 200 859
2023-05-11 16:50:10,451:DEBUG:Starting new HTTPS connection (1): charge.gmobile.mn:443
2023-05-11 16:50:10,574:DEBUG:https://charge.gmobile.mn:443 "POST /api/memberNumber/check HTTP/1.1" 200 137
2023-05-11 16:50:10,591:DEBUG:Starting new HTTP connection (1): sms-special.gmobile.mn:80
2023-05-11 16:50:10,659:DEBUG:http://sms-special.gmobile.mn:80 "GET /cgi-bin/sendsms?username=enjoy&password=kids&from=555&to=97162962&text=97182761-n%20data%20bagcyn%20xugacaa%20duusaagui%20tul%20davxarduulan%20ceneglex%20bolomjgui%20baina. HTTP/1.1" 200 6
2023-05-11 16:52:38,086:INFO:D:\Projects\enjoy_kids\other_api_s\sms.py changed, reloading.
2023-05-11 16:52:45,895:INFO:97162962
2023-05-11 16:52:45,896:INFO:97182761 5000
2023-05-11 16:52:45,905:DEBUG:Starting new HTTPS connection (1): charge.gmobile.mn:443
2023-05-11 16:52:46,794:DEBUG:https://charge.gmobile.mn:443 "POST /api/login_check HTTP/1.1" 200 859
2023-05-11 16:52:46,800:DEBUG:Starting new HTTPS connection (1): charge.gmobile.mn:443
2023-05-11 16:52:46,975:DEBUG:https://charge.gmobile.mn:443 "POST /api/number/check HTTP/1.1" 200 172
2023-05-11 16:52:46,979:INFO:res_head_number
2023-05-11 16:52:46,979:INFO:{'state': 'Successful', 'number': '97162962', 'type': 'WCDMA', 'plan': 'A', 'balance': 21195.88, 'postpaid': 'N', 'default_price_plan': '70/70', 'default_basic_pp': 'D70', 'unlimited': ''}
2023-05-11 16:52:46,988:DEBUG:Starting new HTTPS connection (1): charge.gmobile.mn:443
2023-05-11 16:52:47,929:DEBUG:https://charge.gmobile.mn:443 "POST /api/login_check HTTP/1.1" 200 859
2023-05-11 16:52:47,935:DEBUG:Starting new HTTPS connection (1): charge.gmobile.mn:443
2023-05-11 16:52:48,129:DEBUG:https://charge.gmobile.mn:443 "POST /api/number/check HTTP/1.1" 200 165
2023-05-11 16:52:48,134:INFO:res_member_number
2023-05-11 16:52:48,134:INFO:{'state': 'Successful', 'number': '97182761', 'type': 'WCDMA', 'plan': 'A', 'balance': 0, 'postpaid': 'N', 'default_price_plan': '70/70', 'default_basic_pp': 'D70', 'unlimited': ''}
2023-05-11 16:52:48,143:DEBUG:Starting new HTTPS connection (1): charge.gmobile.mn:443
2023-05-11 16:52:49,056:DEBUG:https://charge.gmobile.mn:443 "POST /api/login_check HTTP/1.1" 200 859
2023-05-11 16:52:49,061:DEBUG:Starting new HTTPS connection (1): charge.gmobile.mn:443
2023-05-11 16:52:49,875:DEBUG:https://charge.gmobile.mn:443 "POST /api/memberNumber/check HTTP/1.1" 200 92
2023-05-11 16:52:49,882:DEBUG:Starting new HTTPS connection (1): charge.gmobile.mn:443
2023-05-11 16:52:50,784:DEBUG:https://charge.gmobile.mn:443 "POST /api/login_check HTTP/1.1" 200 859
2023-05-11 16:52:50,790:DEBUG:Starting new HTTPS connection (1): charge.gmobile.mn:443
2023-05-11 16:52:50,897:DEBUG:https://charge.gmobile.mn:443 "POST /api/memberNumber/check HTTP/1.1" 200 137
2023-05-11 16:52:50,922:DEBUG:Starting new HTTP connection (1): sms-special.gmobile.mn:80
2023-05-11 16:52:50,958:DEBUG:http://sms-special.gmobile.mn:80 "GET /cgi-bin/sendsms?username=enjoy&password=kids&from=555&to=97162962&text=97182761-n%20data%20bagcyn%20xugacaa%20duusaagui%20tul%20davxarduulan%20ceneglex%20bolomjgui%20baina. HTTP/1.1" 200 6
2023-05-11 16:55:30,640:INFO:97162962
2023-05-11 16:55:30,641:INFO:97182761 5000
2023-05-11 16:55:40,688:DEBUG:Starting new HTTPS connection (1): charge.gmobile.mn:443
2023-05-11 16:55:41,677:DEBUG:https://charge.gmobile.mn:443 "POST /api/login_check HTTP/1.1" 200 859
2023-05-11 16:55:41,682:DEBUG:Starting new HTTPS connection (1): charge.gmobile.mn:443
2023-05-11 16:55:41,918:DEBUG:https://charge.gmobile.mn:443 "POST /api/number/check HTTP/1.1" 200 172
2023-05-11 16:55:41,921:INFO:res_head_number
2023-05-11 16:55:41,921:INFO:{'state': 'Successful', 'number': '97162962', 'type': 'WCDMA', 'plan': 'A', 'balance': 21195.88, 'postpaid': 'N', 'default_price_plan': '70/70', 'default_basic_pp': 'D70', 'unlimited': ''}
2023-05-11 16:55:41,923:DEBUG:Starting new HTTPS connection (1): charge.gmobile.mn:443
2023-05-11 16:55:42,827:DEBUG:https://charge.gmobile.mn:443 "POST /api/login_check HTTP/1.1" 200 859
2023-05-11 16:55:42,829:DEBUG:Starting new HTTPS connection (1): charge.gmobile.mn:443
2023-05-11 16:55:43,030:DEBUG:https://charge.gmobile.mn:443 "POST /api/number/check HTTP/1.1" 200 165
2023-05-11 16:55:43,035:INFO:res_member_number
2023-05-11 16:55:43,035:INFO:{'state': 'Successful', 'number': '97182761', 'type': 'WCDMA', 'plan': 'A', 'balance': 0, 'postpaid': 'N', 'default_price_plan': '70/70', 'default_basic_pp': 'D70', 'unlimited': ''}
2023-05-11 16:55:43,037:DEBUG:Starting new HTTPS connection (1): charge.gmobile.mn:443
2023-05-11 16:55:43,959:DEBUG:https://charge.gmobile.mn:443 "POST /api/login_check HTTP/1.1" 200 859
2023-05-11 16:55:43,968:DEBUG:Starting new HTTPS connection (1): charge.gmobile.mn:443
2023-05-11 16:55:44,798:DEBUG:https://charge.gmobile.mn:443 "POST /api/memberNumber/check HTTP/1.1" 200 92
2023-05-11 16:55:44,804:DEBUG:Starting new HTTPS connection (1): charge.gmobile.mn:443
2023-05-11 16:55:45,697:DEBUG:https://charge.gmobile.mn:443 "POST /api/login_check HTTP/1.1" 200 859
2023-05-11 16:55:45,703:DEBUG:Starting new HTTPS connection (1): charge.gmobile.mn:443
2023-05-11 16:55:45,812:DEBUG:https://charge.gmobile.mn:443 "POST /api/memberNumber/check HTTP/1.1" 200 137
2023-05-11 16:55:45,836:DEBUG:Starting new HTTP connection (1): sms-special.gmobile.mn:80
2023-05-11 16:55:45,883:DEBUG:http://sms-special.gmobile.mn:80 "GET /cgi-bin/sendsms?username=enjoy&password=kids&from=555&to=97162962&text=97182761-n%20data%20bagcyn%20xugacaa%20duusaagui%20tul%20davxarduulan%20ceneglex%20bolomjgui%20baina. HTTP/1.1" 200 6
2023-05-11 16:57:12,473:INFO:97162962
2023-05-11 16:57:12,473:INFO:97182761 5000
2023-05-11 16:57:12,501:DEBUG:Starting new HTTPS connection (1): charge.gmobile.mn:443
2023-05-11 16:57:13,398:DEBUG:https://charge.gmobile.mn:443 "POST /api/login_check HTTP/1.1" 200 859
2023-05-11 16:57:13,404:DEBUG:Starting new HTTPS connection (1): charge.gmobile.mn:443
2023-05-11 16:57:13,564:DEBUG:https://charge.gmobile.mn:443 "POST /api/number/check HTTP/1.1" 200 172
2023-05-11 16:57:13,569:INFO:res_head_number
2023-05-11 16:57:13,569:INFO:{'state': 'Successful', 'number': '97162962', 'type': 'WCDMA', 'plan': 'A', 'balance': 21195.88, 'postpaid': 'N', 'default_price_plan': '70/70', 'default_basic_pp': 'D70', 'unlimited': ''}
2023-05-11 16:57:13,578:DEBUG:Starting new HTTPS connection (1): charge.gmobile.mn:443
2023-05-11 16:57:14,488:DEBUG:https://charge.gmobile.mn:443 "POST /api/login_check HTTP/1.1" 200 859
2023-05-11 16:57:14,494:DEBUG:Starting new HTTPS connection (1): charge.gmobile.mn:443
2023-05-11 16:57:14,660:DEBUG:https://charge.gmobile.mn:443 "POST /api/number/check HTTP/1.1" 200 165
2023-05-11 16:57:14,665:INFO:res_member_number
2023-05-11 16:57:14,666:INFO:{'state': 'Successful', 'number': '97182761', 'type': 'WCDMA', 'plan': 'A', 'balance': 0, 'postpaid': 'N', 'default_price_plan': '70/70', 'default_basic_pp': 'D70', 'unlimited': ''}
2023-05-11 16:57:14,674:DEBUG:Starting new HTTPS connection (1): charge.gmobile.mn:443
2023-05-11 16:57:15,571:DEBUG:https://charge.gmobile.mn:443 "POST /api/login_check HTTP/1.1" 200 859
2023-05-11 16:57:15,576:DEBUG:Starting new HTTPS connection (1): charge.gmobile.mn:443
2023-05-11 16:57:16,388:DEBUG:https://charge.gmobile.mn:443 "POST /api/memberNumber/check HTTP/1.1" 200 92
2023-05-11 16:57:16,394:DEBUG:Starting new HTTPS connection (1): charge.gmobile.mn:443
2023-05-11 16:57:17,299:DEBUG:https://charge.gmobile.mn:443 "POST /api/login_check HTTP/1.1" 200 859
2023-05-11 16:57:17,304:DEBUG:Starting new HTTPS connection (1): charge.gmobile.mn:443
2023-05-11 16:57:17,647:DEBUG:https://charge.gmobile.mn:443 "POST /api/memberNumber/check HTTP/1.1" 200 137
2023-05-11 16:57:17,659:DEBUG:Starting new HTTP connection (1): sms-special.gmobile.mn:80
2023-05-11 16:57:17,722:DEBUG:http://sms-special.gmobile.mn:80 "GET /cgi-bin/sendsms?username=enjoy&password=kids&from=555&to=97162962&text=97182761-n%20data%20bagcyn%20xugacaa%20duusaagui%20tul%20davxarduulan%20ceneglex%20bolomjgui%20baina. HTTP/1.1" 200 6
2023-05-11 16:57:26,528:INFO:97162962
2023-05-11 16:57:26,528:INFO:97182761 5000
2023-05-11 16:57:26,536:DEBUG:Starting new HTTPS connection (1): charge.gmobile.mn:443
2023-05-11 16:57:27,434:DEBUG:https://charge.gmobile.mn:443 "POST /api/login_check HTTP/1.1" 200 859
2023-05-11 16:57:27,441:DEBUG:Starting new HTTPS connection (1): charge.gmobile.mn:443
2023-05-11 16:57:27,604:DEBUG:https://charge.gmobile.mn:443 "POST /api/number/check HTTP/1.1" 200 172
2023-05-11 16:57:27,609:INFO:res_head_number
2023-05-11 16:57:27,609:INFO:{'state': 'Successful', 'number': '97162962', 'type': 'WCDMA', 'plan': 'A', 'balance': 21195.88, 'postpaid': 'N', 'default_price_plan': '70/70', 'default_basic_pp': 'D70', 'unlimited': ''}
2023-05-11 16:57:27,618:DEBUG:Starting new HTTPS connection (1): charge.gmobile.mn:443
2023-05-11 16:57:28,537:DEBUG:https://charge.gmobile.mn:443 "POST /api/login_check HTTP/1.1" 200 859
2023-05-11 16:57:28,542:DEBUG:Starting new HTTPS connection (1): charge.gmobile.mn:443
2023-05-11 16:57:28,720:DEBUG:https://charge.gmobile.mn:443 "POST /api/number/check HTTP/1.1" 200 165
2023-05-11 16:57:28,725:INFO:res_member_number
2023-05-11 16:57:28,725:INFO:{'state': 'Successful', 'number': '97182761', 'type': 'WCDMA', 'plan': 'A', 'balance': 0, 'postpaid': 'N', 'default_price_plan': '70/70', 'default_basic_pp': 'D70', 'unlimited': ''}
2023-05-11 16:57:28,734:DEBUG:Starting new HTTPS connection (1): charge.gmobile.mn:443
2023-05-11 16:57:29,685:DEBUG:https://charge.gmobile.mn:443 "POST /api/login_check HTTP/1.1" 200 859
2023-05-11 16:57:29,691:DEBUG:Starting new HTTPS connection (1): charge.gmobile.mn:443
2023-05-11 16:57:31,751:DEBUG:https://charge.gmobile.mn:443 "POST /api/memberNumber/check HTTP/1.1" 200 92
2023-05-11 16:57:31,758:DEBUG:Starting new HTTPS connection (1): charge.gmobile.mn:443
2023-05-11 16:57:32,652:DEBUG:https://charge.gmobile.mn:443 "POST /api/login_check HTTP/1.1" 200 859
2023-05-11 16:57:32,657:DEBUG:Starting new HTTPS connection (1): charge.gmobile.mn:443
2023-05-11 16:57:32,768:DEBUG:https://charge.gmobile.mn:443 "POST /api/memberNumber/check HTTP/1.1" 200 137
2023-05-11 16:57:32,794:DEBUG:Starting new HTTP connection (1): sms-special.gmobile.mn:80
2023-05-11 16:57:32,854:DEBUG:http://sms-special.gmobile.mn:80 "GET /cgi-bin/sendsms?username=enjoy&password=kids&from=555&to=97162962&text=97182761-n%20data%20bagcyn%20xugacaa%20duusaagui%20tul%20davxarduulan%20ceneglex%20bolomjgui%20baina. HTTP/1.1" 200 6
2023-05-11 16:57:56,198:INFO:97162962
2023-05-11 16:57:56,198:INFO:97182761 5000
2023-05-11 16:57:56,206:DEBUG:Starting new HTTPS connection (1): charge.gmobile.mn:443
2023-05-11 16:57:57,096:DEBUG:https://charge.gmobile.mn:443 "POST /api/login_check HTTP/1.1" 200 859
2023-05-11 16:57:57,101:DEBUG:Starting new HTTPS connection (1): charge.gmobile.mn:443
2023-05-11 16:57:57,280:DEBUG:https://charge.gmobile.mn:443 "POST /api/number/check HTTP/1.1" 200 172
2023-05-11 16:57:57,284:INFO:res_head_number
2023-05-11 16:57:57,284:INFO:{'state': 'Successful', 'number': '97162962', 'type': 'WCDMA', 'plan': 'A', 'balance': 21195.88, 'postpaid': 'N', 'default_price_plan': '70/70', 'default_basic_pp': 'D70', 'unlimited': ''}
2023-05-11 16:57:57,287:DEBUG:Starting new HTTPS connection (1): charge.gmobile.mn:443
2023-05-11 16:57:58,180:DEBUG:https://charge.gmobile.mn:443 "POST /api/login_check HTTP/1.1" 200 859
2023-05-11 16:57:58,186:DEBUG:Starting new HTTPS connection (1): charge.gmobile.mn:443
2023-05-11 16:57:58,357:DEBUG:https://charge.gmobile.mn:443 "POST /api/number/check HTTP/1.1" 200 165
2023-05-11 16:57:58,362:INFO:res_member_number
2023-05-11 16:57:58,362:INFO:{'state': 'Successful', 'number': '97182761', 'type': 'WCDMA', 'plan': 'A', 'balance': 0, 'postpaid': 'N', 'default_price_plan': '70/70', 'default_basic_pp': 'D70', 'unlimited': ''}
2023-05-11 16:57:58,370:DEBUG:Starting new HTTPS connection (1): charge.gmobile.mn:443
2023-05-11 16:57:59,279:DEBUG:https://charge.gmobile.mn:443 "POST /api/login_check HTTP/1.1" 200 859
2023-05-11 16:57:59,285:DEBUG:Starting new HTTPS connection (1): charge.gmobile.mn:443
2023-05-11 16:58:00,137:DEBUG:https://charge.gmobile.mn:443 "POST /api/memberNumber/check HTTP/1.1" 200 92
2023-05-11 16:58:00,144:DEBUG:Starting new HTTPS connection (1): charge.gmobile.mn:443
2023-05-11 16:58:01,035:DEBUG:https://charge.gmobile.mn:443 "POST /api/login_check HTTP/1.1" 200 859
2023-05-11 16:58:01,041:DEBUG:Starting new HTTPS connection (1): charge.gmobile.mn:443
2023-05-11 16:58:01,145:DEBUG:https://charge.gmobile.mn:443 "POST /api/memberNumber/check HTTP/1.1" 200 137
2023-05-11 16:58:01,156:DEBUG:Starting new HTTP connection (1): sms-special.gmobile.mn:80
2023-05-11 16:58:01,194:DEBUG:http://sms-special.gmobile.mn:80 "GET /cgi-bin/sendsms?username=enjoy&password=kids&from=555&to=97162962&text=97182761-n%20data%20bagcyn%20xugacaa%20duusaagui%20tul%20davxarduulan%20ceneglex%20bolomjgui%20baina. HTTP/1.1" 200 24
2023-05-11 16:58:02,206:DEBUG:Starting new HTTP connection (1): sms-special.gmobile.mn:80
2023-05-11 16:58:02,265:DEBUG:http://sms-special.gmobile.mn:80 "GET /cgi-bin/sendsms?username=enjoy&password=kids&from=555&to=97162962&text=97182761-n%20data%20bagc%20duusaxad%20Tany%20negjnees%205000-g%20suutgan%20sungax%20Automat%20sungalt%20idevxitei%20baina.%20Automat%20sungaltyg%20cuclax%20bol%20555%20dugaart%20OFF%20gej%20ilgeene%20uu. HTTP/1.1" 200 24
2023-05-11 17:03:15,198:INFO:D:\Projects\enjoy_kids\controller\views.py changed, reloading.
2023-05-11 17:03:26,107:INFO:97162962
2023-05-11 17:03:26,107:INFO:97182761 5000
2023-05-11 17:03:26,116:DEBUG:Starting new HTTPS connection (1): charge.gmobile.mn:443
2023-05-11 17:03:27,017:DEBUG:https://charge.gmobile.mn:443 "POST /api/login_check HTTP/1.1" 200 859
2023-05-11 17:03:27,020:DEBUG:Starting new HTTPS connection (1): charge.gmobile.mn:443
2023-05-11 17:03:27,188:DEBUG:https://charge.gmobile.mn:443 "POST /api/number/check HTTP/1.1" 200 172
2023-05-11 17:03:27,192:INFO:res_head_number
2023-05-11 17:03:27,192:INFO:{'state': 'Successful', 'number': '97162962', 'type': 'WCDMA', 'plan': 'A', 'balance': 21195.88, 'postpaid': 'N', 'default_price_plan': '70/70', 'default_basic_pp': 'D70', 'unlimited': ''}
2023-05-11 17:03:27,194:DEBUG:Starting new HTTPS connection (1): charge.gmobile.mn:443
2023-05-11 17:03:28,087:DEBUG:https://charge.gmobile.mn:443 "POST /api/login_check HTTP/1.1" 200 859
2023-05-11 17:03:28,089:DEBUG:Starting new HTTPS connection (1): charge.gmobile.mn:443
2023-05-11 17:03:28,285:DEBUG:https://charge.gmobile.mn:443 "POST /api/number/check HTTP/1.1" 200 165
2023-05-11 17:03:28,287:INFO:res_member_number
2023-05-11 17:03:28,287:INFO:{'state': 'Successful', 'number': '97182761', 'type': 'WCDMA', 'plan': 'A', 'balance': 0, 'postpaid': 'N', 'default_price_plan': '70/70', 'default_basic_pp': 'D70', 'unlimited': ''}
2023-05-11 17:03:28,290:DEBUG:Starting new HTTPS connection (1): charge.gmobile.mn:443
2023-05-11 17:03:29,193:DEBUG:https://charge.gmobile.mn:443 "POST /api/login_check HTTP/1.1" 200 859
2023-05-11 17:03:29,198:DEBUG:Starting new HTTPS connection (1): charge.gmobile.mn:443
2023-05-11 17:03:30,035:DEBUG:https://charge.gmobile.mn:443 "POST /api/memberNumber/check HTTP/1.1" 200 92
2023-05-11 17:03:30,048:DEBUG:Starting new HTTPS connection (1): charge.gmobile.mn:443
2023-05-11 17:03:30,936:DEBUG:https://charge.gmobile.mn:443 "POST /api/login_check HTTP/1.1" 200 859
2023-05-11 17:03:30,941:DEBUG:Starting new HTTPS connection (1): charge.gmobile.mn:443
2023-05-11 17:03:31,051:DEBUG:https://charge.gmobile.mn:443 "POST /api/memberNumber/check HTTP/1.1" 200 137
2023-05-11 17:03:31,077:DEBUG:Starting new HTTP connection (1): sms-special.gmobile.mn:80
2023-05-11 17:03:31,135:DEBUG:http://sms-special.gmobile.mn:80 "GET /cgi-bin/sendsms?username=enjoy&password=kids&from=555&to=97162962&text=97182761-n%20data%20bagcyn%20xugacaa%20duusaagui%20tul%20davxarduulan%20ceneglex%20bolomjgui%20baina. HTTP/1.1" 200 24
2023-05-11 17:03:32,143:DEBUG:Starting new HTTP connection (1): sms-special.gmobile.mn:80
2023-05-11 17:03:32,181:DEBUG:http://sms-special.gmobile.mn:80 "GET /cgi-bin/sendsms?username=enjoy&password=kids&from=555&to=97162962&text=97182761-n%20data%20bagc%20duusaxad%20Tany%20negjnees%205000-g%20suutgan%20sungax%20Automat%20sungalt%20idevxitei%20baina.%20Automat%20sungaltyg%20cuclax%20bol%20555%20dugaart%20OFF%20gej%20ilgeene%20uu. HTTP/1.1" 200 24
2023-05-11 17:08:26,970:INFO:97162962
2023-05-11 17:08:26,971:INFO:97182761 7000
2023-05-11 17:09:40,833:INFO:D:\Projects\enjoy_kids\controller\views.py changed, reloading.
2023-05-11 17:11:13,468:INFO:97162962
2023-05-11 17:11:13,468:INFO:97182761 5000
2023-05-11 17:11:13,499:ERROR:Internal Server Error: /api/receive_sms555
Traceback (most recent call last):
  File "D:\Projects\enjoy_kids\venvNew\lib\site-packages\django\core\handlers\exception.py", line 55, in inner
    response = get_response(request)
  File "D:\Projects\enjoy_kids\venvNew\lib\site-packages\django\core\handlers\base.py", line 197, in _get_response
    response = wrapped_callback(request, *callback_args, **callback_kwargs)
  File "D:\Projects\enjoy_kids\venvNew\lib\site-packages\django\views\decorators\csrf.py", line 54, in wrapped_view
    return view_func(*args, **kwargs)
  File "D:\Projects\enjoy_kids\venvNew\lib\site-packages\django\views\generic\base.py", line 103, in view
    return self.dispatch(request, *args, **kwargs)
  File "D:\Projects\enjoy_kids\venvNew\lib\site-packages\rest_framework\views.py", line 509, in dispatch
    response = self.handle_exception(exc)
  File "D:\Projects\enjoy_kids\venvNew\lib\site-packages\rest_framework\views.py", line 469, in handle_exception
    self.raise_uncaught_exception(exc)
  File "D:\Projects\enjoy_kids\venvNew\lib\site-packages\rest_framework\views.py", line 480, in raise_uncaught_exception
    raise exc
  File "D:\Projects\enjoy_kids\venvNew\lib\site-packages\rest_framework\views.py", line 506, in dispatch
    response = handler(request, *args, **kwargs)
  File "D:\Projects\enjoy_kids\venvNew\lib\site-packages\rest_framework\decorators.py", line 50, in handler
    return func(*args, **kwargs)
  File "D:\Projects\enjoy_kids\controller\views.py", line 29, in receive_sms555
    if UserMessage.objects.filter(sms_from=sms_from, received_at__year=datetime.now().year,
AttributeError: module 'datetime' has no attribute 'now'
2023-05-11 17:11:46,019:INFO:D:\Projects\enjoy_kids\controller\views.py changed, reloading.
2023-05-11 17:11:51,835:INFO:97162962
2023-05-11 17:11:51,835:INFO:97182761 5000
2023-05-11 17:11:51,844:DEBUG:Starting new HTTPS connection (1): charge.gmobile.mn:443
2023-05-11 17:11:52,758:DEBUG:https://charge.gmobile.mn:443 "POST /api/login_check HTTP/1.1" 200 859
2023-05-11 17:11:52,765:DEBUG:Starting new HTTPS connection (1): charge.gmobile.mn:443
2023-05-11 17:11:52,932:DEBUG:https://charge.gmobile.mn:443 "POST /api/number/check HTTP/1.1" 200 172
2023-05-11 17:11:52,934:INFO:res_head_number
2023-05-11 17:11:52,934:INFO:{'state': 'Successful', 'number': '97162962', 'type': 'WCDMA', 'plan': 'A', 'balance': 21195.88, 'postpaid': 'N', 'default_price_plan': '70/70', 'default_basic_pp': 'D70', 'unlimited': ''}
2023-05-11 17:11:52,936:DEBUG:Starting new HTTPS connection (1): charge.gmobile.mn:443
2023-05-11 17:11:53,830:DEBUG:https://charge.gmobile.mn:443 "POST /api/login_check HTTP/1.1" 200 859
2023-05-11 17:11:53,832:DEBUG:Starting new HTTPS connection (1): charge.gmobile.mn:443
2023-05-11 17:11:53,996:DEBUG:https://charge.gmobile.mn:443 "POST /api/number/check HTTP/1.1" 200 165
2023-05-11 17:11:54,001:INFO:res_member_number
2023-05-11 17:11:54,001:INFO:{'state': 'Successful', 'number': '97182761', 'type': 'WCDMA', 'plan': 'A', 'balance': 0, 'postpaid': 'N', 'default_price_plan': '70/70', 'default_basic_pp': 'D70', 'unlimited': ''}
2023-05-11 17:11:54,011:DEBUG:Starting new HTTPS connection (1): charge.gmobile.mn:443
2023-05-11 17:11:54,917:DEBUG:https://charge.gmobile.mn:443 "POST /api/login_check HTTP/1.1" 200 859
2023-05-11 17:11:54,922:DEBUG:Starting new HTTPS connection (1): charge.gmobile.mn:443
2023-05-11 17:11:55,736:DEBUG:https://charge.gmobile.mn:443 "POST /api/memberNumber/check HTTP/1.1" 200 92
2023-05-11 17:11:55,743:DEBUG:Starting new HTTPS connection (1): charge.gmobile.mn:443
2023-05-11 17:11:56,649:DEBUG:https://charge.gmobile.mn:443 "POST /api/login_check HTTP/1.1" 200 859
2023-05-11 17:11:56,652:DEBUG:Starting new HTTPS connection (1): charge.gmobile.mn:443
2023-05-11 17:11:56,755:DEBUG:https://charge.gmobile.mn:443 "POST /api/memberNumber/check HTTP/1.1" 200 137
2023-05-11 17:11:56,786:DEBUG:Starting new HTTP connection (1): sms-special.gmobile.mn:80
2023-05-11 17:11:56,830:DEBUG:http://sms-special.gmobile.mn:80 "GET /cgi-bin/sendsms?username=enjoy&password=kids&from=555&to=97162962&text=97182761-n%20data%20bagcyn%20xugacaa%20duusaagui%20tul%20davxarduulan%20ceneglex%20bolomjgui%20baina. HTTP/1.1" 200 24
2023-05-11 17:11:57,835:DEBUG:Starting new HTTP connection (1): sms-special.gmobile.mn:80
2023-05-11 17:11:57,870:DEBUG:http://sms-special.gmobile.mn:80 "GET /cgi-bin/sendsms?username=enjoy&password=kids&from=555&to=97162962&text=97182761-n%20data%20bagc%20duusaxad%20Tany%20negjnees%205000-g%20suutgan%20sungax%20Automat%20sungalt%20idevxitei%20baina.%20Automat%20sungaltyg%20cuclax%20bol%20555%20dugaart%20OFF%20gej%20ilgeene%20uu. HTTP/1.1" 200 24
2023-05-11 17:12:34,712:INFO:D:\Projects\enjoy_kids\controller\views.py changed, reloading.
2023-05-11 17:12:41,305:INFO:97162962
2023-05-11 17:12:41,306:INFO:97182761 5000
2023-05-11 17:12:41,314:DEBUG:Starting new HTTPS connection (1): charge.gmobile.mn:443
2023-05-11 17:12:42,216:DEBUG:https://charge.gmobile.mn:443 "POST /api/login_check HTTP/1.1" 200 859
2023-05-11 17:12:42,223:DEBUG:Starting new HTTPS connection (1): charge.gmobile.mn:443
2023-05-11 17:12:42,403:DEBUG:https://charge.gmobile.mn:443 "POST /api/number/check HTTP/1.1" 200 172
2023-05-11 17:12:42,404:INFO:res_head_number
2023-05-11 17:12:42,404:INFO:{'state': 'Successful', 'number': '97162962', 'type': 'WCDMA', 'plan': 'A', 'balance': 21195.88, 'postpaid': 'N', 'default_price_plan': '70/70', 'default_basic_pp': 'D70', 'unlimited': ''}
2023-05-11 17:12:42,407:DEBUG:Starting new HTTPS connection (1): charge.gmobile.mn:443
2023-05-11 17:12:43,342:DEBUG:https://charge.gmobile.mn:443 "POST /api/login_check HTTP/1.1" 200 859
2023-05-11 17:12:43,347:DEBUG:Starting new HTTPS connection (1): charge.gmobile.mn:443
2023-05-11 17:12:43,519:DEBUG:https://charge.gmobile.mn:443 "POST /api/number/check HTTP/1.1" 200 165
2023-05-11 17:12:43,524:INFO:res_member_number
2023-05-11 17:12:43,524:INFO:{'state': 'Successful', 'number': '97182761', 'type': 'WCDMA', 'plan': 'A', 'balance': 0, 'postpaid': 'N', 'default_price_plan': '70/70', 'default_basic_pp': 'D70', 'unlimited': ''}
2023-05-11 17:12:43,532:DEBUG:Starting new HTTPS connection (1): charge.gmobile.mn:443
2023-05-11 17:12:44,438:DEBUG:https://charge.gmobile.mn:443 "POST /api/login_check HTTP/1.1" 200 859
2023-05-11 17:12:44,441:DEBUG:Starting new HTTPS connection (1): charge.gmobile.mn:443
2023-05-11 17:12:45,251:DEBUG:https://charge.gmobile.mn:443 "POST /api/memberNumber/check HTTP/1.1" 200 92
2023-05-11 17:12:45,257:DEBUG:Starting new HTTPS connection (1): charge.gmobile.mn:443
2023-05-11 17:12:46,162:DEBUG:https://charge.gmobile.mn:443 "POST /api/login_check HTTP/1.1" 200 859
2023-05-11 17:12:46,164:DEBUG:Starting new HTTPS connection (1): charge.gmobile.mn:443
2023-05-11 17:12:46,270:DEBUG:https://charge.gmobile.mn:443 "POST /api/memberNumber/check HTTP/1.1" 200 137
2023-05-11 17:12:46,280:DEBUG:Starting new HTTPS connection (1): charge.gmobile.mn:443
2023-05-11 17:12:47,178:DEBUG:https://charge.gmobile.mn:443 "POST /api/login_check HTTP/1.1" 200 859
2023-05-11 17:12:47,182:DEBUG:Starting new HTTPS connection (1): charge.gmobile.mn:443
2023-05-11 17:12:47,368:DEBUG:https://charge.gmobile.mn:443 "POST /api/number/check HTTP/1.1" 200 172
2023-05-11 17:12:47,372:INFO:res_check_balance
2023-05-11 17:12:47,372:INFO:{'state': 'Successful', 'number': '97162962', 'type': 'WCDMA', 'plan': 'A', 'balance': 21195.88, 'postpaid': 'N', 'default_price_plan': '70/70', 'default_basic_pp': 'D70', 'unlimited': ''}
2023-05-11 17:15:08,241:INFO:D:\Projects\enjoy_kids\controller\views.py changed, reloading.
2023-05-11 17:15:11,952:INFO:97162962
2023-05-11 17:15:11,953:INFO:97182761 5000
2023-05-11 17:15:11,961:DEBUG:Starting new HTTPS connection (1): charge.gmobile.mn:443
2023-05-11 17:15:12,861:DEBUG:https://charge.gmobile.mn:443 "POST /api/login_check HTTP/1.1" 200 859
2023-05-11 17:15:12,868:DEBUG:Starting new HTTPS connection (1): charge.gmobile.mn:443
2023-05-11 17:15:13,066:DEBUG:https://charge.gmobile.mn:443 "POST /api/number/check HTTP/1.1" 200 172
2023-05-11 17:15:13,067:INFO:res_head_number
2023-05-11 17:15:13,067:INFO:{'state': 'Successful', 'number': '97162962', 'type': 'WCDMA', 'plan': 'A', 'balance': 21195.88, 'postpaid': 'N', 'default_price_plan': '70/70', 'default_basic_pp': 'D70', 'unlimited': ''}
2023-05-11 17:15:13,070:DEBUG:Starting new HTTPS connection (1): charge.gmobile.mn:443
2023-05-11 17:15:13,961:DEBUG:https://charge.gmobile.mn:443 "POST /api/login_check HTTP/1.1" 200 859
2023-05-11 17:15:13,966:DEBUG:Starting new HTTPS connection (1): charge.gmobile.mn:443
2023-05-11 17:15:14,183:DEBUG:https://charge.gmobile.mn:443 "POST /api/number/check HTTP/1.1" 200 165
2023-05-11 17:15:14,189:INFO:res_member_number
2023-05-11 17:15:14,189:INFO:{'state': 'Successful', 'number': '97182761', 'type': 'WCDMA', 'plan': 'A', 'balance': 0, 'postpaid': 'N', 'default_price_plan': '70/70', 'default_basic_pp': 'D70', 'unlimited': ''}
2023-05-11 17:15:14,198:DEBUG:Starting new HTTPS connection (1): charge.gmobile.mn:443
2023-05-11 17:15:15,112:DEBUG:https://charge.gmobile.mn:443 "POST /api/login_check HTTP/1.1" 200 859
2023-05-11 17:15:15,117:DEBUG:Starting new HTTPS connection (1): charge.gmobile.mn:443
2023-05-11 17:15:15,947:DEBUG:https://charge.gmobile.mn:443 "POST /api/memberNumber/check HTTP/1.1" 200 92
2023-05-11 17:15:15,953:DEBUG:Starting new HTTPS connection (1): charge.gmobile.mn:443
2023-05-11 17:15:16,850:DEBUG:https://charge.gmobile.mn:443 "POST /api/login_check HTTP/1.1" 200 859
2023-05-11 17:15:16,855:DEBUG:Starting new HTTPS connection (1): charge.gmobile.mn:443
2023-05-11 17:15:16,954:DEBUG:https://charge.gmobile.mn:443 "POST /api/memberNumber/check HTTP/1.1" 200 137
2023-05-11 17:15:16,965:DEBUG:Starting new HTTP connection (1): sms-special.gmobile.mn:80
2023-05-11 17:15:17,004:DEBUG:http://sms-special.gmobile.mn:80 "GET /cgi-bin/sendsms?username=enjoy&password=kids&from=555&to=97162962&text=97182761-n%20data%20bagcyn%20xugacaa%20duusaagui%20tul%20davxarduulan%20ceneglex%20bolomjgui%20baina. HTTP/1.1" 200 24
2023-05-11 17:15:18,014:DEBUG:Starting new HTTP connection (1): sms-special.gmobile.mn:80
2023-05-11 17:15:18,047:DEBUG:http://sms-special.gmobile.mn:80 "GET /cgi-bin/sendsms?username=enjoy&password=kids&from=555&to=97162962&text=97182761-n%20data%20bagc%20duusaxad%20Tany%20negjnees%205000-g%20suutgan%20sungax%20Automat%20sungalt%20idevxitei%20baina.%20Automat%20sungaltyg%20cuclax%20bol%20555%20dugaart%20OFF%20gej%20ilgeene%20uu. HTTP/1.1" 200 24
2023-05-11 17:15:36,657:INFO:97162962
2023-05-11 17:15:36,658:INFO:97182761 7000
2023-05-11 17:15:52,040:INFO:97162962
2023-05-11 17:15:52,040:INFO:97182761 15000
2023-05-11 17:29:16,527:INFO:D:\Projects\enjoy_kids\controller\views.py changed, reloading.
